2023-06-25T14:34:25.129Z [fitmanager-api] error POST  - notNull Violation: User.name cannot be null,
notNull Violation: User.email cannot be null,
notNull Violation: User.password cannot be null
2023-06-25T14:35:10.397Z [fitmanager-api] error POST  - notNull Violation: User.name cannot be null,
notNull Violation: User.email cannot be null,
notNull Violation: User.password cannot be null
2023-06-25T14:35:34.900Z [fitmanager-api] error POST  - notNull Violation: User.name cannot be null,
notNull Violation: User.email cannot be null,
notNull Violation: User.password cannot be null
2023-06-25T14:36:00.024Z [fitmanager-api] error POST  - relation "Users" does not exist
2023-06-25T14:37:58.300Z [fitmanager-api] error POST  - relation "Users" does not exist
2023-06-25T14:40:00.912Z [fitmanager-api] error POST  - relation "Users" does not exist
2023-06-25T14:40:19.881Z [fitmanager-api] error POST  - relation "Users" does not exist
2023-06-25T14:44:35.203Z [fitmanager-api] error POST  - relation "users" does not exist
2023-06-25T14:47:58.017Z [fitmanager-api] error POST  - relation "Users" does not exist
2023-06-25T15:05:01.834Z [fitmanager-api] error DELETE  - column "userId" does not exist
2023-06-25T15:05:19.565Z [fitmanager-api] error DELETE  - column "id" does not exist
2023-06-25T15:16:32.591Z [fitmanager-api] error POST  - Login sessions require session support. Did you forget to use `express-session` middleware?
2023-06-25T15:18:14.483Z [fitmanager-api] error POST  - Login sessions require session support. Did you forget to use `express-session` middleware?
2023-06-25T15:20:25.104Z [fitmanager-api] error POST  - secret option required for sessions
2023-06-25T15:21:04.703Z [fitmanager-api] error POST  - bcrypt is not defined
2023-06-25T15:21:35.656Z [fitmanager-api] error POST  - data must be a string or Buffer and salt must either be a salt string or a number of rounds
2023-06-25T15:22:09.096Z [fitmanager-api] error POST  - user is not defined
2023-06-25T15:22:49.435Z [fitmanager-api] error POST  - Validation error
2023-06-25T15:23:17.858Z [fitmanager-api] error POST  - Validation error
2023-06-25T15:23:40.811Z [fitmanager-api] error POST  - Validation error
2023-06-25T15:25:12.591Z [fitmanager-api] error POST  - Validation error
2023-06-25T15:25:49.216Z [fitmanager-api] error POST  - user is not defined
2023-06-25T15:28:34.069Z [fitmanager-api] error POST  - Validation error
2023-06-25T15:28:49.111Z [fitmanager-api] error POST  - Assignment to constant variable.
2023-06-25T15:28:55.908Z [fitmanager-api] error POST  - Validation error
2023-06-25T15:29:19.530Z [fitmanager-api] error POST  - Validation error
2023-06-25T15:29:56.011Z [fitmanager-api] error POST  - Validation error
2023-06-25T15:31:18.823Z [fitmanager-api] error POST  - Validation error
2023-06-25T15:34:57.697Z [fitmanager-api] error GET  - column User.animalId does not exist
2023-06-25T18:05:32.440Z [fitmanager-api] error POST  - column "trainer_email" does not exist
2023-06-25T20:32:02.997Z [fitmanager-api] error GET  - invalid input syntax for type integer: "me"
2023-06-25T20:32:19.738Z [fitmanager-api] error GET  - invalid input syntax for type integer: "me"
2023-06-25T20:32:31.778Z [fitmanager-api] error GET  - invalid input syntax for type integer: "me"
2023-06-26T00:44:37.978Z [fitmanager-api] error POST  - Validation error
2023-06-26T00:49:40.310Z [fitmanager-api] error POST  - Validation error
